<?xml version="1.0" encoding="UTF-8"?>
<testsuite xmlns:xsi="http://www.w3.org/2001/XMLSchema-instance" xsi:noNamespaceSchemaLocation="https://maven.apache.org/surefire/maven-surefire-plugin/xsd/surefire-test-report.xsd" version="3.0.2" name="com.brava.memories.auth.OwnerJourneyIntegrationTest" time="23.452" tests="1" errors="0" skipped="0" failures="0" flakes="0">
  <properties>
[...]
</properties>
  <testcase name="ownerCanRegisterAuthenticateCreateAndOpenEvent" classname="com.brava.memories.auth.OwnerJourneyIntegrationTest" time="2.578">
    <system-out><![CDATA[09:57:20.434 [main] INFO org.springframework.test.context.support.AnnotationConfigContextLoaderUtils -- Could not detect default configuration classes for test class [com.brava.memories.auth.OwnerJourneyIntegrationTest]: OwnerJourneyIntegrationTest does not declare any static, non-private, non-final, nested classes annotated with @Configuration.
09:57:20.556 [main] INFO org.springframework.boot.test.context.SpringBootTestContextBootstrapper -- Found @SpringBootConfiguration com.brava.memories.EventMemoriesApplication for test class com.brava.memories.auth.OwnerJourneyIntegrationTest
09:57:20.628 [main] INFO org.springframework.test.context.support.AnnotationConfigContextLoaderUtils -- Could not detect default configuration classes for test class [com.brava.memories.auth.OwnerJourneyIntegrationTest]: OwnerJourneyIntegrationTest does not declare any static, non-private, non-final, nested classes annotated with @Configuration.
09:57:20.628 [main] INFO org.springframework.boot.test.context.SpringBootTestContextBootstrapper -- Found @SpringBootConfiguration com.brava.memories.EventMemoriesApplication for test class com.brava.memories.auth.OwnerJourneyIntegrationTest

  .   ____          _            __ _ _
 /\\ / ___'_ __ _ _(_)_ __  __ _ \ \ \ \
( ( )\___ | '_ | '_| | '_ \/ _` | \ \ \ \
 \\/  ___)| |_)| | | | | || (_| |  ) ) ) )
  '  |____| .__|_| |_|_| |_\__, | / / / /
 =========|_|==============|___/=/_/_/_/

 :: Spring Boot ::                (v4.1.0)

2026-08-21T09:57:20.965+03:00  INFO 24132 --- [event-memories-backend] [           main] c.b.m.auth.OwnerJourneyIntegrationTest   : Starting OwnerJourneyIntegrationTest using Java 21.0.10 with PID 24132 (started by User in C:\Users\User\Desktop\Brava\event-memories-platform\backend)
2026-08-21T09:57:20.965+03:00  INFO 24132 --- [event-memories-backend] [           main] c.b.m.auth.OwnerJourneyIntegrationTest   : No active profile set, falling back to 1 default profile: "default"
2026-08-21T09:57:21.749+03:00  INFO 24132 --- [event-memories-backend] [           main] .s.d.r.c.RepositoryConfigurationDelegate : Bootstrapping Spring Data JPA repositories in DEFAULT mode.
2026-08-21T09:57:21.823+03:00  INFO 24132 --- [event-memories-backend] [           main] .s.d.r.c.RepositoryConfigurationDelegate : Finished Spring Data repository scanning in 52 ms. Found 5 JPA repository interfaces.
2026-08-21T09:57:23.407+03:00  INFO 24132 --- [event-memories-backend] [           main] com.zaxxer.hikari.HikariDataSource       : HikariPool-1 - Starting...
2026-08-21T09:57:24.122+03:00  INFO 24132 --- [event-memories-backend] [           main] com.zaxxer.hikari.pool.HikariPool        : HikariPool-1 - Added connection org.postgresql.jdbc.PgConnection@201a8ea7
2026-08-21T09:57:24.122+03:00  INFO 24132 --- [event-memories-backend] [           main] com.zaxxer.hikari.HikariDataSource       : HikariPool-1 - Start completed.
2026-08-21T09:57:24.191+03:00  INFO 24132 --- [event-memories-backend] [           main] org.flywaydb.core.FlywayExecutor         : Database: jdbc:postgresql://localhost:5432/event_memories (PostgreSQL 18.2)
2026-08-21T09:57:24.455+03:00  INFO 24132 --- [event-memories-backend] [           main] o.f.core.internal.command.DbValidate     : Successfully validated 5 migrations (execution time 00:00.134s)
2026-08-21T09:57:24.504+03:00  INFO 24132 --- [event-memories-backend] [           main] o.f.core.internal.command.DbMigrate      : Current version of schema "public": 4
2026-08-21T09:57:24.555+03:00  INFO 24132 --- [event-memories-backend] [           main] o.f.core.internal.command.DbMigrate      : Migrating schema "public" to version "5 - event arabic content"
2026-08-21T09:57:24.655+03:00  INFO 24132 --- [event-memories-backend] [           main] o.f.core.internal.command.DbMigrate      : Successfully applied 1 migration to schema "public", now at version v5 (execution time 00:00.060s)
2026-08-21T09:57:25.667+03:00  INFO 24132 --- [event-memories-backend] [           main] org.hibernate.orm.jpa                    : HHH008540: Processing PersistenceUnitInfo [name: default]
2026-08-21T09:57:25.843+03:00  INFO 24132 --- [event-memories-backend] [           main] org.hibernate.orm.core                   : HHH000001: Hibernate ORM core version 7.4.1.Final
2026-08-21T09:57:27.224+03:00  INFO 24132 --- [event-memories-backend] [           main] o.s.o.j.p.SpringPersistenceUnitInfo      : No LoadTimeWeaver setup: ignoring JPA class transformer
2026-08-21T09:57:27.419+03:00  INFO 24132 --- [event-memories-backend] [           main] org.hibernate.orm.connections.pooling    : HHH10001005: Database info:
	Database JDBC URL [jdbc:postgresql://localhost:5432/event_memories]
	Database driver: PostgreSQL JDBC Driver
	Database dialect: PostgreSQLDialect
	Database version: 18.2
	Default catalog/schema: event_memories/public
	Autocommit mode: undefined/unknown
	Isolation level: READ_COMMITTED [default READ_COMMITTED]
	JDBC fetch size: none
	Pool: DataSourceConnectionProvider
	Minimum pool size: undefined/unknown
	Maximum pool size: undefined/unknown
2026-08-21T09:57:30.105+03:00  INFO 24132 --- [event-memories-backend] [           main] org.hibernate.orm.core                   : HHH000489: No JTA platform available (set 'hibernate.transaction.jta.platform' to enable JTA platform integration)
2026-08-21T09:57:30.243+03:00  INFO 24132 --- [event-memories-backend] [           main] j.LocalContainerEntityManagerFactoryBean : Initialized JPA EntityManagerFactory for persistence unit 'default'
2026-08-21T09:57:30.717+03:00  INFO 24132 --- [event-memories-backend] [           main] o.s.d.j.r.query.QueryEnhancerFactories   : Hibernate is in classpath; If applicable, HQL parser will be used.
2026-08-21T09:57:40.122+03:00  INFO 24132 --- [event-memories-backend] [           main] o.s.b.t.m.w.SpringBootMockServletContext : Initializing Spring TestDispatcherServlet ''
2026-08-21T09:57:40.122+03:00  INFO 24132 --- [event-memories-backend] [           main] o.s.t.web.servlet.TestDispatcherServlet  : Initializing Servlet ''
2026-08-21T09:57:40.153+03:00  INFO 24132 --- [event-memories-backend] [           main] o.s.b.a.e.web.EndpointLinksResolver      : Exposing 2 endpoints beneath base path '/actuator'
2026-08-21T09:57:40.192+03:00  INFO 24132 --- [event-memories-backend] [           main] o.s.t.web.servlet.TestDispatcherServlet  : Completed initialization in 70 ms
2026-08-21T09:57:40.547+03:00  INFO 24132 --- [event-memories-backend] [           main] c.b.m.auth.OwnerJourneyIntegrationTest   : Started OwnerJourneyIntegrationTest in 19.866 seconds (process running for 20.85)
]]></system-out>
    <system-err><![CDATA[Mockito is currently self-attaching to enable the inline-mock-maker. This will no longer work in future releases of the JDK. Please add Mockito as an agent to your build as described in Mockito's documentation: https://javadoc.io/doc/org.mockito/mockito-core/latest/org.mockito/org/mockito/Mockito.html#0.3
WARNING: A Java agent has been loaded dynamically (C:\Users\User\.m2\repository\net\bytebuddy\byte-buddy-agent\1.18.10\byte-buddy-agent-1.18.10.jar)
WARNING: If a serviceability tool is in use, please run with -XX:+EnableDynamicAgentLoading to hide this warning
WARNING: If a serviceability tool is not in use, please run with -Djdk.instrument.traceUsage for more information
WARNING: Dynamic loading of agents will be disallowed by default in a future release
]]></system-err>
  </testcase>
</testsuite>